d:\git\origin\assets\maria\plugins\rudp\debug\rudp.pch
d:\git\origin\assets\maria\plugins\rudp\debug\vc120.pdb
d:\git\origin\assets\maria\plugins\rudp\debug\vc120.idb
d:\git\origin\assets\maria\plugins\rudp\debug\stdafx.obj
d:\git\origin\assets\maria\plugins\rudp\debug\vc140.pdb
d:\git\origin\assets\maria\plugins\rudp\debug\vc140.idb
d:\git\origin\assets\maria\plugins\rudp\debug\rudp.obj
d:\git\origin\assets\maria\plugins\rudp\debug\rudp_aux.obj
d:\git\origin\assets\maria\plugins\debug\rudp.ilk
d:\git\origin\assets\maria\plugins\debug\rudp.dll
d:\git\origin\assets\maria\plugins\debug\rudp.pdb
d:\git\origin\assets\maria\plugins\debug\rudp.lib
d:\git\origin\assets\maria\plugins\debug\rudp.exp
d:\git\origin\assets\maria\plugins\rudp\debug\rudp.log.meta
d:\git\origin\assets\maria\plugins\rudp\debug\rudp.obj.meta
d:\git\origin\assets\maria\plugins\rudp\debug\rudp.pch.meta
d:\git\origin\assets\maria\plugins\rudp\debug\rudp.tlog.meta
d:\git\origin\assets\maria\plugins\rudp\debug\rudp_aux.obj.meta
d:\git\origin\assets\maria\plugins\rudp\debug\stdafx.obj.meta
d:\git\origin\assets\maria\plugins\rudp\debug\vc120.idb.meta
d:\git\origin\assets\maria\plugins\rudp\debug\vc120.pdb.meta
d:\git\origin\assets\maria\plugins\rudp\debug\vc140.idb.meta
d:\git\origin\assets\maria\plugins\rudp\debug\vc140.pdb.meta
d:\git\origin\assets\maria\plugins\rudp\debug\rudp.tlog\cl.command.1.tlog.meta
d:\git\origin\assets\maria\plugins\rudp\debug\rudp.tlog\cl.read.1.tlog.meta
d:\git\origin\assets\maria\plugins\rudp\debug\rudp.tlog\cl.write.1.tlog.meta
d:\git\origin\assets\maria\plugins\rudp\debug\rudp.tlog\link.command.1.tlog.meta
d:\git\origin\assets\maria\plugins\rudp\debug\rudp.tlog\link.read.1.tlog.meta
d:\git\origin\assets\maria\plugins\rudp\debug\rudp.tlog\link.write.1.tlog.meta
d:\git\origin\assets\maria\plugins\rudp\debug\rudp.tlog\rudp.lastbuildstate.meta
d:\git\origin\assets\maria\plugins\rudp\debug\rudp.tlog\rudp.write.1u.tlog.meta
d:\git\origin\assets\maria\plugins\rudp\debug\rudp.tlog\cl.command.1.tlog
d:\git\origin\assets\maria\plugins\rudp\debug\rudp.tlog\cl.read.1.tlog
d:\git\origin\assets\maria\plugins\rudp\debug\rudp.tlog\cl.write.1.tlog
d:\git\origin\assets\maria\plugins\rudp\debug\rudp.tlog\link.command.1.tlog
d:\git\origin\assets\maria\plugins\rudp\debug\rudp.tlog\link.read.1.tlog
d:\git\origin\assets\maria\plugins\rudp\debug\rudp.tlog\link.write.1.tlog
d:\git\origin\assets\maria\plugins\rudp\debug\rudp.tlog\rudp.write.1u.tlog
